01:21:43.422 [main] DEBUG org.apache.poi.openxml4j.opc.PackageRelationshipCollection - Parsing relationship: /xl/_rels/workbook.xml.rels
01:21:43.425 [main] DEBUG org.apache.poi.openxml4j.opc.PackageRelationshipCollection - Parsing relationship: /xl/worksheets/_rels/sheet1.xml.rels
01:21:43.426 [main] DEBUG org.apache.poi.openxml4j.opc.PackageRelationshipCollection - Parsing relationship: /_rels/.rels
01:21:43.436 [main] DEBUG org.apache.poi.ooxml.POIXMLFactory - using default POIXMLDocumentPart for http://schemas.openxmlformats.org/officeDocument/2006/relationships/printerSettings
01:21:43.451 [main] DEBUG org.apache.poi.openxml4j.opc.PackageRelationshipCollection - Parsing relationship: /xl/_rels/workbook.xml.rels
01:21:43.452 [main] DEBUG org.apache.poi.openxml4j.opc.PackageRelationshipCollection - Parsing relationship: /xl/worksheets/_rels/sheet1.xml.rels
01:21:43.454 [main] DEBUG org.apache.poi.openxml4j.opc.PackageRelationshipCollection - Parsing relationship: /_rels/.rels
01:21:43.464 [main] DEBUG org.apache.poi.ooxml.POIXMLFactory - using default POIXMLDocumentPart for http://schemas.openxmlformats.org/officeDocument/2006/relationships/printerSettings
01:21:43.478 [main] DEBUG org.apache.poi.openxml4j.opc.PackageRelationshipCollection - Parsing relationship: /xl/_rels/workbook.xml.rels
01:21:43.479 [main] DEBUG org.apache.poi.openxml4j.opc.PackageRelationshipCollection - Parsing relationship: /xl/worksheets/_rels/sheet1.xml.rels
01:21:43.480 [main] DEBUG org.apache.poi.openxml4j.opc.PackageRelationshipCollection - Parsing relationship: /_rels/.rels
01:21:43.490 [main] DEBUG org.apache.poi.ooxml.POIXMLFactory - using default POIXMLDocumentPart for http://schemas.openxmlformats.org/officeDocument/2006/relationships/printerSettings
01:21:43.508 [main] DEBUG org.apache.poi.openxml4j.opc.PackageRelationshipCollection - Parsing relationship: /xl/_rels/workbook.xml.rels
01:21:43.509 [main] DEBUG org.apache.poi.openxml4j.opc.PackageRelationshipCollection - Parsing relationship: /xl/worksheets/_rels/sheet1.xml.rels
01:21:43.514 [main] DEBUG org.apache.poi.openxml4j.opc.PackageRelationshipCollection - Parsing relationship: /_rels/.rels
01:21:43.524 [main] DEBUG org.apache.poi.ooxml.POIXMLFactory - using default POIXMLDocumentPart for http://schemas.openxmlformats.org/officeDocument/2006/relationships/printerSettings
01:21:43.537 [main] DEBUG org.apache.poi.openxml4j.opc.PackageRelationshipCollection - Parsing relationship: /xl/_rels/workbook.xml.rels
01:21:43.538 [main] DEBUG org.apache.poi.openxml4j.opc.PackageRelationshipCollection - Parsing relationship: /xl/worksheets/_rels/sheet1.xml.rels
01:21:43.539 [main] DEBUG org.apache.poi.openxml4j.opc.PackageRelationshipCollection - Parsing relationship: /_rels/.rels
01:21:43.548 [main] DEBUG org.apache.poi.ooxml.POIXMLFactory - using default POIXMLDocumentPart for http://schemas.openxmlformats.org/officeDocument/2006/relationships/printerSettings
01:21:43.569 [main] INFO  testCases.TC_003_LoginDDT - *** Starting TC_003_LoginDDT *** 
01:21:44.862 [main] INFO  testCases.TC_003_LoginDDT - entering login details
01:21:45.028 [main] INFO  testCases.TC_003_LoginDDT - entering password detail
01:21:45.124 [main] INFO  testCases.TC_003_LoginDDT - login clicked
01:21:47.099 [main] INFO  testCases.TC_003_LoginDDT - *** Starting TC_003_LoginDDT *** 
01:21:47.806 [main] INFO  testCases.TC_003_LoginDDT - entering login details
01:21:47.930 [main] INFO  testCases.TC_003_LoginDDT - entering password detail
01:21:48.032 [main] INFO  testCases.TC_003_LoginDDT - login clicked
01:21:59.119 [main] INFO  testCases.TC_003_LoginDDT - *** Starting TC_003_LoginDDT *** 
01:22:00.432 [main] INFO  testCases.TC_003_LoginDDT - entering login details
01:22:00.548 [main] INFO  testCases.TC_003_LoginDDT - entering password detail
01:22:00.657 [main] INFO  testCases.TC_003_LoginDDT - login clicked
01:22:11.893 [main] INFO  testCases.TC_003_LoginDDT - *** Starting TC_003_LoginDDT *** 
01:22:12.702 [main] INFO  testCases.TC_003_LoginDDT - entering login details
01:22:12.796 [main] INFO  testCases.TC_003_LoginDDT - entering password detail
01:22:12.873 [main] INFO  testCases.TC_003_LoginDDT - login clicked
01:22:23.864 [main] INFO  testCases.TC_003_LoginDDT - *** Starting TC_003_LoginDDT *** 
01:22:24.793 [main] INFO  testCases.TC_003_LoginDDT - entering login details
01:22:24.921 [main] INFO  testCases.TC_003_LoginDDT - entering password detail
01:22:25.043 [main] INFO  testCases.TC_003_LoginDDT - login clicked
01:24:03.788 [main] INFO  testCases.TC_002_LoginTest - *** Starting TC_002_LoginTest **** 
01:24:04.961 [main] INFO  testCases.TC_002_LoginTest - entering login details
01:24:05.091 [main] INFO  testCases.TC_002_LoginTest - entering password detail
01:24:05.192 [main] INFO  testCases.TC_002_LoginTest - login clicked
01:24:18.256 [main] INFO  testCases.TC_001_AccountRegistrationTest - *** Starting TC_001_AccountRegistrationTest ***
01:24:18.258 [main] INFO  testCases.TC_001_AccountRegistrationTest - clicked on MyAccount
